#
# There is insufficient memory for the Java Runtime Environment to continue.
# Native memory allocation (malloc) failed to allocate 1048576 bytes. Error detail: AllocateHeap
# Possible reasons:
#   The system is out of physical RAM or swap space
#   This process is running with CompressedOops enabled, and the Java Heap may be blocking the growth of the native heap
# Possible solutions:
#   Reduce memory load on the system
#   Increase physical memory or swap space
#   Check if swap backing store is full
#   Decrease Java heap size (-Xmx/-Xms)
#   Decrease number of Java threads
#   Decrease Java thread stack sizes (-Xss)
#   Set larger code cache with -XX:ReservedCodeCacheSize=
#   JVM is running with Unscaled Compressed Oops mode in which the Java heap is
#     placed in the first 4GB address space. The Java Heap base address is the
#     maximum limit for the native heap growth. Please use -XX:HeapBaseMinAddress
#     to set the Java Heap base and to place the Java Heap above 4GB virtual address.
# This output file may be truncated or incomplete.
#
#  Out of Memory Error (allocation.cpp:44), pid=16100, tid=12040
#
# JRE version: OpenJDK Runtime Environment Temurin-21.0.10+7 (21.0.10+7) (build 21.0.10+7-LTS)
# Java VM: OpenJDK 64-Bit Server VM Temurin-21.0.10+7 (21.0.10+7-LTS, mixed mode, sharing, tiered, compressed oops, compressed class ptrs, parallel gc, windows-amd64)
# No core dump will be written. Minidumps are not enabled by default on client versions of Windows
#

---------------  S U M M A R Y ------------

Command Line: --add-modules=ALL-SYSTEM --add-opens=java.base/java.util=ALL-UNNAMED --add-opens=java.base/java.lang=ALL-UNNAMED --add-opens=java.base/sun.nio.fs=ALL-UNNAMED -Declipse.application=org.eclipse.jdt.ls.core.id1 -Dosgi.bundles.defaultStartLevel=4 -Declipse.product=org.eclipse.jdt.ls.core.product -Djava.import.generatesMetadataFilesAtProjectRoot=false -DDetectVMInstallationsJob.disabled=true -Dfile.encoding=utf8 -XX:+UseParallelGC -XX:GCTimeRatio=4 -XX:AdaptiveSizePolicyWeight=90 -Dsun.zip.disableMemoryMapping=true -Xmx2G -Xms100m -Xlog:disable -javaagent:c:\Users\Sheetanshu\.vscode\extensions\redhat.java-1.54.0-win32-x64\lombok\lombok-1.18.39-4050.jar -XX:+HeapDumpOnOutOfMemoryError -XX:HeapDumpPath=c:\Users\Sheetanshu\AppData\Roaming\Code\User\workspaceStorage\f8d9d8527e7d722af8c5f195b6951b93\redhat.java -Daether.dependencyCollector.impl=bf c:\Users\Sheetanshu\.vscode\extensions\redhat.java-1.54.0-win32-x64\server\plugins\org.eclipse.equinox.launcher_1.7.100.v20251111-0406.jar -configuration c:\Users\Sheetanshu\AppData\Roaming\Code\User\globalStorage\redhat.java\1.54.0\config_win -data c:\Users\Sheetanshu\AppData\Roaming\Code\User\workspaceStorage\f8d9d8527e7d722af8c5f195b6951b93\redhat.java\jdt_ws --pipe=\\.\pipe\lsp-5d2c6343b63e7179bb76f0e70cf211bb-sock

Host: Intel(R) Core(TM) i5-8300H CPU @ 2.30GHz, 8 cores, 7G,  Windows 10 , 64 bit Build 19041 (10.0.19041.5915)
Time: Tue May  5 12:23:59 2026 India Standard Time elapsed time: 51603.406584 seconds (0d 14h 20m 3s)

---------------  T H R E A D  ---------------

Current thread (0x0000019c6f071900):  JavaThread "Attach Listener" daemon [_thread_in_vm, id=12040, stack(0x0000007e59f00000,0x0000007e5a000000) (1024K)]

Stack: [0x0000007e59f00000,0x0000007e5a000000]
Native frames: (J=compiled Java code, j=interpreted, Vv=VM code, C=native code)
V  [jvm.dll+0x6d7a39]
V  [jvm.dll+0x8b4b26]
V  [jvm.dll+0x8b70de]
V  [jvm.dll+0x8b77c3]
V  [jvm.dll+0x284346]
V  [jvm.dll+0xc1277]
V  [jvm.dll+0x6d82e9]
V  [jvm.dll+0x1334a6]
V  [jvm.dll+0x3f857e]
V  [jvm.dll+0x85f59d]
V  [jvm.dll+0x6d626d]
C  [ucrtbase.dll+0x21bb2]
C  [KERNEL32.DLL+0x17374]
C  [ntdll.dll+0x4cc91]


---------------  P R O C E S S  ---------------

Threads class SMR info:
_java_thread_list=0x0000019c50a63660, length=35, elements={
0x0000019c6cdb36c0, 0x0000019c6f06adc0, 0x0000019c6f06c370, 0x0000019c6f070ca0,
0x0000019c6f071900, 0x0000019c6f072560, 0x0000019c6f077970, 0x0000019c6f081560,
0x0000019c6f0827a0, 0x0000019c78572640, 0x0000019c786475f0, 0x0000019c78ac21f0,
0x0000019c78c02430, 0x0000019c7d01c0b0, 0x0000019c7d045f40, 0x0000019c7d742010,
0x0000019c7d3ce4e0, 0x0000019c7d4f6630, 0x0000019c78ce4df0, 0x0000019c78ce6830,
0x0000019c7e6d34e0, 0x0000019c7e6d2130, 0x0000019c7e6d55b0, 0x0000019c7e6d27c0,
0x0000019c7e6d62d0, 0x0000019c7e6d5c40, 0x0000019c7e6d6ff0, 0x0000019c7e6d0060,
0x0000019c7e6d2e50, 0x0000019c7e6d1aa0, 0x0000019c7e6d3b70, 0x0000019c7e6d4200,
0x0000019c515ac410, 0x0000019c51da64f0, 0x0000019c51da5e60
}

Java Threads: ( => current thread )
  0x0000019c6cdb36c0 JavaThread "main"                              [_thread_blocked, id=21856, stack(0x0000007e59800000,0x0000007e59900000) (1024K)]
  0x0000019c6f06adc0 JavaThread "Reference Handler"          daemon [_thread_blocked, id=16500, stack(0x0000007e59c00000,0x0000007e59d00000) (1024K)]
  0x0000019c6f06c370 JavaThread "Finalizer"                  daemon [_thread_blocked, id=19940, stack(0x0000007e59d00000,0x0000007e59e00000) (1024K)]
  0x0000019c6f070ca0 JavaThread "Signal Dispatcher"          daemon [_thread_blocked, id=15000, stack(0x0000007e59e00000,0x0000007e59f00000) (1024K)]
=>0x0000019c6f071900 JavaThread "Attach Listener"            daemon [_thread_in_vm, id=12040, stack(0x0000007e59f00000,0x0000007e5a000000) (1024K)]
  0x0000019c6f072560 JavaThread "Service Thread"             daemon [_thread_blocked, id=21592, stack(0x0000007e5a000000,0x0000007e5a100000) (1024K)]
  0x0000019c6f077970 JavaThread "Monitor Deflation Thread"   daemon [_thread_blocked, id=19520, stack(0x0000007e5a100000,0x0000007e5a200000) (1024K)]
  0x0000019c6f081560 JavaThread "C2 CompilerThread0"         daemon [_thread_blocked, id=4708, stack(0x0000007e5a200000,0x0000007e5a300000) (1024K)]
  0x0000019c6f0827a0 JavaThread "C1 CompilerThread0"         daemon [_thread_blocked, id=20760, stack(0x0000007e5a300000,0x0000007e5a400000) (1024K)]
  0x0000019c78572640 JavaThread "Common-Cleaner"             daemon [_thread_blocked, id=7120, stack(0x0000007e5a400000,0x0000007e5a500000) (1024K)]
  0x0000019c786475f0 JavaThread "Notification Thread"        daemon [_thread_blocked, id=564, stack(0x0000007e5a600000,0x0000007e5a700000) (1024K)]
  0x0000019c78ac21f0 JavaThread "Active Thread: Equinox Container: a05a22c9-3067-4bf0-a414-0a09c9161944"        [_thread_blocked, id=980, stack(0x0000007e5ae00000,0x0000007e5af00000) (1024K)]
  0x0000019c78c02430 JavaThread "Refresh Thread: Equinox Container: a05a22c9-3067-4bf0-a414-0a09c9161944" daemon [_thread_blocked, id=21584, stack(0x0000007e5b000000,0x0000007e5b100000) (1024K)]
  0x0000019c7d01c0b0 JavaThread "Framework Event Dispatcher: Equinox Container: a05a22c9-3067-4bf0-a414-0a09c9161944" daemon [_thread_blocked, id=17444, stack(0x0000007e5b100000,0x0000007e5b200000) (1024K)]
  0x0000019c7d045f40 JavaThread "Start Level: Equinox Container: a05a22c9-3067-4bf0-a414-0a09c9161944" daemon [_thread_blocked, id=14972, stack(0x0000007e5b200000,0x0000007e5b300000) (1024K)]
  0x0000019c7d742010 JavaThread "Bundle File Closer"         daemon [_thread_blocked, id=22552, stack(0x0000007e5b300000,0x0000007e5b400000) (1024K)]
  0x0000019c7d3ce4e0 JavaThread "SCR Component Actor"        daemon [_thread_blocked, id=25356, stack(0x0000007e5a500000,0x0000007e5a600000) (1024K)]
  0x0000019c7d4f6630 JavaThread "Worker-JM"                         [_thread_blocked, id=16188, stack(0x0000007e5b400000,0x0000007e5b500000) (1024K)]
  0x0000019c78ce4df0 JavaThread "JNA Cleaner"                daemon [_thread_blocked, id=16520, stack(0x0000007e5a700000,0x0000007e5a800000) (1024K)]
  0x0000019c78ce6830 JavaThread "Java indexing"              daemon [_thread_blocked, id=5496, stack(0x0000007e5b800000,0x0000007e5b900000) (1024K)]
  0x0000019c7e6d34e0 JavaThread "Thread-1"                   daemon [_thread_in_native, id=22180, stack(0x0000007e5be00000,0x0000007e5bf00000) (1024K)]
  0x0000019c7e6d2130 JavaThread "Thread-2"                   daemon [_thread_in_native, id=14368, stack(0x0000007e5bf00000,0x0000007e5c000000) (1024K)]
  0x0000019c7e6d55b0 JavaThread "Thread-3"                   daemon [_thread_in_native, id=26016, stack(0x0000007e5c000000,0x0000007e5c100000) (1024K)]
  0x0000019c7e6d27c0 JavaThread "Thread-4"                   daemon [_thread_in_native, id=27104, stack(0x0000007e5c100000,0x0000007e5c200000) (1024K)]
  0x0000019c7e6d62d0 JavaThread "Thread-5"                   daemon [_thread_in_native, id=612, stack(0x0000007e5c200000,0x0000007e5c300000) (1024K)]
  0x0000019c7e6d5c40 JavaThread "Thread-6"                   daemon [_thread_in_native, id=14140, stack(0x0000007e5c300000,0x0000007e5c400000) (1024K)]
  0x0000019c7e6d6ff0 JavaThread "Thread-7"                   daemon [_thread_in_native, id=10476, stack(0x0000007e5c400000,0x0000007e5c500000) (1024K)]
  0x0000019c7e6d0060 JavaThread "Thread-8"                   daemon [_thread_in_native, id=23372, stack(0x0000007e5c500000,0x0000007e5c600000) (1024K)]
  0x0000019c7e6d2e50 JavaThread "Thread-9"                   daemon [_thread_in_native, id=11040, stack(0x0000007e5c600000,0x0000007e5c700000) (1024K)]
  0x0000019c7e6d1aa0 JavaThread "pool-2-thread-1"                   [_thread_blocked, id=10396, stack(0x0000007e5c700000,0x0000007e5c800000) (1024K)]
  0x0000019c7e6d3b70 JavaThread "WorkspaceEventsHandler"            [_thread_blocked, id=26004, stack(0x0000007e5c800000,0x0000007e5c900000) (1024K)]
  0x0000019c7e6d4200 JavaThread "pool-1-thread-1"                   [_thread_blocked, id=3580, stack(0x0000007e5c900000,0x0000007e5ca00000) (1024K)]
  0x0000019c515ac410 JavaThread "Cleaner-0"                  daemon [_thread_blocked, id=9080, stack(0x0000007e5d300000,0x0000007e5d400000) (1024K)]
  0x0000019c51da64f0 JavaThread "Worker-6"                          [_thread_blocked, id=5044, stack(0x0000007e59600000,0x0000007e59700000) (1024K)]
  0x0000019c51da5e60 JavaThread "Worker-7"                          [_thread_blocked, id=12296, stack(0x0000007e59700000,0x0000007e59800000) (1024K)]
Total: 35

Other Threads:
  0x0000019c6f053650 VMThread "VM Thread"                           [id=13904, stack(0x0000007e59b00000,0x0000007e59c00000) (1024K)]
  0x0000019c6f1c8e20 WatcherThread "VM Periodic Task Thread"        [id=22020, stack(0x0000007e59a00000,0x0000007e59b00000) (1024K)]
  0x0000019c6f11e230 WorkerThread "GC Thread#0"                     [id=16916, stack(0x0000007e59900000,0x0000007e59a00000) (1024K)]
  0x0000019c78ad2410 WorkerThread "GC Thread#1"                     [id=3440, stack(0x0000007e5a800000,0x0000007e5a900000) (1024K)]
  0x0000019c78e25c70 WorkerThread "GC Thread#2"                     [id=3076, stack(0x0000007e5a900000,0x0000007e5aa00000) (1024K)]
  0x0000019c78e26020 WorkerThread "GC Thread#3"                     [id=17544, stack(0x0000007e5aa00000,0x0000007e5ab00000) (1024K)]
  0x0000019c78e263d0 WorkerThread "GC Thread#4"                     [id=10848, stack(0x0000007e5ab00000,0x0000007e5ac00000) (1024K)]
  0x0000019c78e26780 WorkerThread "GC Thread#5"                     [id=4492, stack(0x0000007e5ac00000,0x0000007e5ad00000) (1024K)]
  0x0000019c78c092e0 WorkerThread "GC Thread#6"                     [id=20408, stack(0x0000007e5ad00000,0x0000007e5ae00000) (1024K)]
  0x0000019c7d020b00 WorkerThread "GC Thread#7"                     [id=13376, stack(0x0000007e5af00000,0x0000007e5b000000) (1024K)]
Total: 10

Threads with active compile tasks:
Total: 0

VM state: not at safepoint (normal execution)

VM Mutex/Monitor currently owned by a thread: None

Heap address: 0x0000000080000000, size: 2048 MB, Compressed Oops mode: 32-bit

CDS archive(s) mapped at: [0x0000019c0f000000-0x0000019c0fba0000-0x0000019c0fba0000), size 12189696, SharedBaseAddress: 0x0000019c0f000000, ArchiveRelocationMode: 1.
Compressed class space mapped at: 0x0000019c10000000-0x0000019c50000000, reserved size: 1073741824
Narrow klass base: 0x0000019c0f000000, Narrow klass shift: 0, Narrow klass range: 0x100000000

GC Precious Log:
 CardTable entry size: 512
 CPUs: 8 total, 8 available
 Memory: 8032M
 Large Page Support: Disabled
 NUMA Support: Disabled
 Compressed Oops: Enabled (32-bit)
 Alignments: Space 512K, Generation 512K, Heap 2M
 Heap Min Capacity: 100M
 Heap Initial Capacity: 100M
 Heap Max Capacity: 2G
 Pre-touch: Disabled
 Parallel Workers: 8

Heap:
 PSYoungGen      total 10752K, used 4581K [0x00000000d5580000, 0x00000000d6280000, 0x0000000100000000)
  eden space 10240K, 42% used [0x00000000d5580000,0x00000000d59b9680,0x00000000d5f80000)
  from space 512K, 50% used [0x00000000d6200000,0x00000000d6240000,0x00000000d6280000)
  to   space 512K, 0% used [0x00000000d6180000,0x00000000d6180000,0x00000000d6200000)
 ParOldGen       total 110592K, used 110550K [0x0000000080000000, 0x0000000086c00000, 0x00000000d5580000)
  object space 110592K, 99% used [0x0000000080000000,0x0000000086bf5a18,0x0000000086c00000)
 Metaspace       used 78239K, committed 79744K, reserved 1179648K
  class space    used 8264K, committed 8896K, reserved 1048576K

Card table byte_map: [0x0000019c6eab0000,0x0000019c6eec0000] _byte_map_base: 0x0000019c6e6b0000

Marking Bits: (ParMarkBitMap*) 0x00007ffffb953450
 Begin Bits: [0x0000019c725c0000, 0x0000019c745c0000)
 End Bits:   [0x0000019c745c0000, 0x0000019c765c0000)

Polling page: 0x0000019c6cf40000

Metaspace:

Usage:
  Non-class:     68.33 MB used.
      Class:      8.07 MB used.
       Both:     76.41 MB used.

Virtual space:
  Non-class space:      128.00 MB reserved,      69.19 MB ( 54%) committed,  2 nodes.
      Class space:        1.00 GB reserved,       8.69 MB ( <1%) committed,  1 nodes.
             Both:        1.12 GB reserved,      77.88 MB (  7%) committed. 

Chunk freelists:
   Non-Class:  10.07 MB
       Class:  7.32 MB
        Both:  17.38 MB

MaxMetaspaceSize: unlimited
CompressedClassSpaceSize: 1.00 GB
Initial GC threshold: 21.00 MB
Current GC threshold: 97.31 MB
CDS: on
 - commit_granule_bytes: 65536.
 - commit_granule_words: 8192.
 - virtual_space_node_default_size: 8388608.
 - enlarge_chunks_in_place: 1.
 - use_allocation_guard: 0.


Internal statistics:

num_allocs_failed_limit: 11.
num_arena_births: 1270.
num_arena_deaths: 14.
num_vsnodes_births: 3.
num_vsnodes_deaths: 0.
num_space_committed: 1246.
num_space_uncommitted: 0.
num_chunks_returned_to_freelist: 25.
num_chunks_taken_from_freelist: 4746.
num_chunk_merges: 16.
num_chunk_splits: 2931.
num_chunks_enlarged: 1664.
num_inconsistent_stats: 0.

CodeHeap 'non-profiled nmethods': size=120000Kb used=11213Kb max_used=11213Kb free=108786Kb
 bounds [0x0000019c07ad0000, 0x0000019c085d0000, 0x0000019c0f000000]
CodeHeap 'profiled nmethods': size=120000Kb used=33468Kb max_used=33468Kb free=86531Kb
 bounds [0x0000019c00000000, 0x0000019c020b0000, 0x0000019c07530000]
CodeHeap 'non-nmethods': size=5760Kb used=1506Kb max_used=1584Kb free=4254Kb
 bounds [0x0000019c07530000, 0x0000019c077a0000, 0x0000019c07ad0000]
CodeCache: size=245760Kb, used=46187Kb, max_used=46265Kb, free=199571Kb
 total_blobs=15508, nmethods=14682, adapters=730, full_count=0
Compilation: enabled, stopped_count=0, restarted_count=0

Compilation events (20 events):
Event: 44718.456 Thread 0x0000019c6f0827a0 nmethod 15405 0x0000019c020a7a10 code [0x0000019c020a7be0, 0x0000019c020a7f90]
Event: 44718.502 Thread 0x0000019c6f081560 nmethod 15402 0x0000019c085bc510 code [0x0000019c085bc7e0, 0x0000019c085bd5c8]
Event: 44718.502 Thread 0x0000019c6f081560 15403       4       org.eclipse.jdt.internal.compiler.util.HashtableOfObjectToInt::put (104 bytes)
Event: 44718.512 Thread 0x0000019c6f081560 nmethod 15403 0x0000019c085bdd90 code [0x0000019c085bdf60, 0x0000019c085be340]
Event: 44718.513 Thread 0x0000019c6f081560 15407   !   4       java.io.ObjectOutputStream::defaultWriteFields (288 bytes)
Event: 44718.657 Thread 0x0000019c6f081560 nmethod 15407 0x0000019c085be690 code [0x0000019c085bea40, 0x0000019c085c0bb0]
Event: 44718.658 Thread 0x0000019c6f081560 15406       4       java.io.ObjectOutputStream$HandleTable::assign (52 bytes)
Event: 44718.665 Thread 0x0000019c6f081560 nmethod 15406 0x0000019c085c2790 code [0x0000019c085c2960, 0x0000019c085c2ca8]
Event: 44718.731 Thread 0x0000019c6f081560 15408       4       jdk.internal.misc.Unsafe::weakCompareAndSetReference (11 bytes)
Event: 44718.731 Thread 0x0000019c6f081560 nmethod 15408 0x0000019c085c2f10 code [0x0000019c085c30a0, 0x0000019c085c3158]
Event: 45724.056 Thread 0x0000019c6f0827a0 15409       3       org.eclipse.core.internal.jobs.JobManager$$Lambda/0x0000019c101aa688::<init> (20 bytes)
Event: 45724.156 Thread 0x0000019c6f0827a0 nmethod 15409 0x0000019c020a8090 code [0x0000019c020a8240, 0x0000019c020a83e0]
Event: 47524.429 Thread 0x0000019c6f0827a0 15411   !   3       org.eclipse.core.internal.jobs.JobManager::findBlockingJob (179 bytes)
Event: 47524.499 Thread 0x0000019c6f0827a0 nmethod 15411 0x0000019c020a8490 code [0x0000019c020a87c0, 0x0000019c020a9d28]
Event: 47751.220 Thread 0x0000019c6f0827a0 15412   !   3       org.eclipse.osgi.storage.Storage::save (62 bytes)
Event: 47751.241 Thread 0x0000019c6f0827a0 nmethod 15412 0x0000019c020aa490 code [0x0000019c020aa660, 0x0000019c020aa9b0]
Event: 47751.241 Thread 0x0000019c6f0827a0 15413   !   3       org.eclipse.osgi.storage.Storage::save0 (246 bytes)
Event: 47751.301 Thread 0x0000019c6f0827a0 nmethod 15413 0x0000019c020aab90 code [0x0000019c020ab0a0, 0x0000019c020adc88]
Event: 51514.806 Thread 0x0000019c6f081560 15414       4       java.util.concurrent.locks.AbstractQueuedSynchronizer$ConditionObject::canReacquire (38 bytes)
Event: 51514.828 Thread 0x0000019c6f081560 nmethod 15414 0x0000019c085c3210 code [0x0000019c085c33a0, 0x0000019c085c34b0]

GC Heap History (20 events):
Event: 387.709 GC heap before
{Heap before GC invocations=124 (full 3):
 PSYoungGen      total 10752K, used 10656K [0x00000000d5580000, 0x00000000d6280000, 0x0000000100000000)
  eden space 10240K, 100% used [0x00000000d5580000,0x00000000d5f80000,0x00000000d5f80000)
  from space 512K, 81% used [0x00000000d6200000,0x00000000d6268020,0x00000000d6280000)
  to   space 512K, 0% used [0x00000000d6180000,0x00000000d6180000,0x00000000d6200000)
 ParOldGen       total 110080K, used 109798K [0x0000000080000000, 0x0000000086b80000, 0x00000000d5580000)
  object space 110080K, 99% used [0x0000000080000000,0x0000000086b399b8,0x0000000086b80000)
 Metaspace       used 77698K, committed 79232K, reserved 1179648K
  class space    used 8262K, committed 8896K, reserved 1048576K
}
Event: 387.710 GC heap after
{Heap after GC invocations=124 (full 3):
 PSYoungGen      total 10752K, used 288K [0x00000000d5580000, 0x00000000d6280000, 0x0000000100000000)
  eden space 10240K, 0% used [0x00000000d5580000,0x00000000d5580000,0x00000000d5f80000)
  from space 512K, 56% used [0x00000000d6180000,0x00000000d61c8000,0x00000000d6200000)
  to   space 512K, 0% used [0x00000000d6200000,0x00000000d6200000,0x00000000d6280000)
 ParOldGen       total 110080K, used 109942K [0x0000000080000000, 0x0000000086b80000, 0x00000000d5580000)
  object space 110080K, 99% used [0x0000000080000000,0x0000000086b5d9b8,0x0000000086b80000)
 Metaspace       used 77698K, committed 79232K, reserved 1179648K
  class space    used 8262K, committed 8896K, reserved 1048576K
}
Event: 446.849 GC heap before
{Heap before GC invocations=125 (full 3):
 PSYoungGen      total 10752K, used 10528K [0x00000000d5580000, 0x00000000d6280000, 0x0000000100000000)
  eden space 10240K, 100% used [0x00000000d5580000,0x00000000d5f80000,0x00000000d5f80000)
  from space 512K, 56% used [0x00000000d6180000,0x00000000d61c8000,0x00000000d6200000)
  to   space 512K, 0% used [0x00000000d6200000,0x00000000d6200000,0x00000000d6280000)
 ParOldGen       total 110080K, used 109942K [0x0000000080000000, 0x0000000086b80000, 0x00000000d5580000)
  object space 110080K, 99% used [0x0000000080000000,0x0000000086b5d9b8,0x0000000086b80000)
 Metaspace       used 77747K, committed 79296K, reserved 1179648K
  class space    used 8262K, committed 8896K, reserved 1048576K
}
Event: 446.850 GC heap after
{Heap after GC invocations=125 (full 3):
 PSYoungGen      total 10752K, used 352K [0x00000000d5580000, 0x00000000d6280000, 0x0000000100000000)
  eden space 10240K, 0% used [0x00000000d5580000,0x00000000d5580000,0x00000000d5f80000)
  from space 512K, 68% used [0x00000000d6200000,0x00000000d6258000,0x00000000d6280000)
  to   space 512K, 0% used [0x00000000d6180000,0x00000000d6180000,0x00000000d6200000)
 ParOldGen       total 110080K, used 109998K [0x0000000080000000, 0x0000000086b80000, 0x00000000d5580000)
  object space 110080K, 99% used [0x0000000080000000,0x0000000086b6b9b8,0x0000000086b80000)
 Metaspace       used 77747K, committed 79296K, reserved 1179648K
  class space    used 8262K, committed 8896K, reserved 1048576K
}
Event: 453.322 GC heap before
{Heap before GC invocations=126 (full 3):
 PSYoungGen      total 10752K, used 10592K [0x00000000d5580000, 0x00000000d6280000, 0x0000000100000000)
  eden space 10240K, 100% used [0x00000000d5580000,0x00000000d5f80000,0x00000000d5f80000)
  from space 512K, 68% used [0x00000000d6200000,0x00000000d6258000,0x00000000d6280000)
  to   space 512K, 0% used [0x00000000d6180000,0x00000000d6180000,0x00000000d6200000)
 ParOldGen       total 110080K, used 109998K [0x0000000080000000, 0x0000000086b80000, 0x00000000d5580000)
  object space 110080K, 99% used [0x0000000080000000,0x0000000086b6b9b8,0x0000000086b80000)
 Metaspace       used 77791K, committed 79296K, reserved 1179648K
  class space    used 8262K, committed 8896K, reserved 1048576K
}
Event: 453.323 GC heap after
{Heap after GC invocations=126 (full 3):
 PSYoungGen      total 10752K, used 288K [0x00000000d5580000, 0x00000000d6280000, 0x0000000100000000)
  eden space 10240K, 0% used [0x00000000d5580000,0x00000000d5580000,0x00000000d5f80000)
  from space 512K, 56% used [0x00000000d6180000,0x00000000d61c8000,0x00000000d6200000)
  to   space 512K, 0% used [0x00000000d6200000,0x00000000d6200000,0x00000000d6280000)
 ParOldGen       total 110080K, used 110038K [0x0000000080000000, 0x0000000086b80000, 0x00000000d5580000)
  object space 110080K, 99% used [0x0000000080000000,0x0000000086b759b8,0x0000000086b80000)
 Metaspace       used 77791K, committed 79296K, reserved 1179648K
  class space    used 8262K, committed 8896K, reserved 1048576K
}
Event: 457.927 GC heap before
{Heap before GC invocations=127 (full 3):
 PSYoungGen      total 10752K, used 10528K [0x00000000d5580000, 0x00000000d6280000, 0x0000000100000000)
  eden space 10240K, 100% used [0x00000000d5580000,0x00000000d5f80000,0x00000000d5f80000)
  from space 512K, 56% used [0x00000000d6180000,0x00000000d61c8000,0x00000000d6200000)
  to   space 512K, 0% used [0x00000000d6200000,0x00000000d6200000,0x00000000d6280000)
 ParOldGen       total 110080K, used 110038K [0x0000000080000000, 0x0000000086b80000, 0x00000000d5580000)
  object space 110080K, 99% used [0x0000000080000000,0x0000000086b759b8,0x0000000086b80000)
 Metaspace       used 77822K, committed 79360K, reserved 1179648K
  class space    used 8262K, committed 8896K, reserved 1048576K
}
Event: 457.928 GC heap after
{Heap after GC invocations=127 (full 3):
 PSYoungGen      total 10752K, used 256K [0x00000000d5580000, 0x00000000d6280000, 0x0000000100000000)
  eden space 10240K, 0% used [0x00000000d5580000,0x00000000d5580000,0x00000000d5f80000)
  from space 512K, 50% used [0x00000000d6200000,0x00000000d6240000,0x00000000d6280000)
  to   space 512K, 0% used [0x00000000d6180000,0x00000000d6180000,0x00000000d6200000)
 ParOldGen       total 110592K, used 110086K [0x0000000080000000, 0x0000000086c00000, 0x00000000d5580000)
  object space 110592K, 99% used [0x0000000080000000,0x0000000086b819b8,0x0000000086c00000)
 Metaspace       used 77822K, committed 79360K, reserved 1179648K
  class space    used 8262K, committed 8896K, reserved 1048576K
}
Event: 481.589 GC heap before
{Heap before GC invocations=128 (full 3):
 PSYoungGen      total 10752K, used 10496K [0x00000000d5580000, 0x00000000d6280000, 0x0000000100000000)
  eden space 10240K, 100% used [0x00000000d5580000,0x00000000d5f80000,0x00000000d5f80000)
  from space 512K, 50% used [0x00000000d6200000,0x00000000d6240000,0x00000000d6280000)
  to   space 512K, 0% used [0x00000000d6180000,0x00000000d6180000,0x00000000d6200000)
 ParOldGen       total 110592K, used 110086K [0x0000000080000000, 0x0000000086c00000, 0x00000000d5580000)
  object space 110592K, 99% used [0x0000000080000000,0x0000000086b819b8,0x0000000086c00000)
 Metaspace       used 77877K, committed 79360K, reserved 1179648K
  class space    used 8262K, committed 8896K, reserved 1048576K
}
Event: 481.590 GC heap after
{Heap after GC invocations=128 (full 3):
 PSYoungGen      total 10752K, used 320K [0x00000000d5580000, 0x00000000d6280000, 0x0000000100000000)
  eden space 10240K, 0% used [0x00000000d5580000,0x00000000d5580000,0x00000000d5f80000)
  from space 512K, 62% used [0x00000000d6180000,0x00000000d61d0000,0x00000000d6200000)
  to   space 512K, 0% used [0x00000000d6200000,0x00000000d6200000,0x00000000d6280000)
 ParOldGen       total 110592K, used 110126K [0x0000000080000000, 0x0000000086c00000, 0x00000000d5580000)
  object space 110592K, 99% used [0x0000000080000000,0x0000000086b8b9b8,0x0000000086c00000)
 Metaspace       used 77877K, committed 79360K, reserved 1179648K
  class space    used 8262K, committed 8896K, reserved 1048576K
}
Event: 494.048 GC heap before
{Heap before GC invocations=129 (full 3):
 PSYoungGen      total 10752K, used 10560K [0x00000000d5580000, 0x00000000d6280000, 0x0000000100000000)
  eden space 10240K, 100% used [0x00000000d5580000,0x00000000d5f80000,0x00000000d5f80000)
  from space 512K, 62% used [0x00000000d6180000,0x00000000d61d0000,0x00000000d6200000)
  to   space 512K, 0% used [0x00000000d6200000,0x00000000d6200000,0x00000000d6280000)
 ParOldGen       total 110592K, used 110126K [0x0000000080000000, 0x0000000086c00000, 0x00000000d5580000)
  object space 110592K, 99% used [0x0000000080000000,0x0000000086b8b9b8,0x0000000086c00000)
 Metaspace       used 77926K, committed 79424K, reserved 1179648K
  class space    used 8262K, committed 8896K, reserved 1048576K
}
Event: 494.049 GC heap after
{Heap after GC invocations=129 (full 3):
 PSYoungGen      total 10752K, used 256K [0x00000000d5580000, 0x00000000d6280000, 0x0000000100000000)
  eden space 10240K, 0% used [0x00000000d5580000,0x00000000d5580000,0x00000000d5f80000)
  from space 512K, 50% used [0x00000000d6200000,0x00000000d6240000,0x00000000d6280000)
  to   space 512K, 0% used [0x00000000d6180000,0x00000000d6180000,0x00000000d6200000)
 ParOldGen       total 110592K, used 110182K [0x0000000080000000, 0x0000000086c00000, 0x00000000d5580000)
  object space 110592K, 99% used [0x0000000080000000,0x0000000086b999b8,0x0000000086c00000)
 Metaspace       used 77926K, committed 79424K, reserved 1179648K
  class space    used 8262K, committed 8896K, reserved 1048576K
}
Event: 497.838 GC heap before
{Heap before GC invocations=130 (full 3):
 PSYoungGen      total 10752K, used 10496K [0x00000000d5580000, 0x00000000d6280000, 0x0000000100000000)
  eden space 10240K, 100% used [0x00000000d5580000,0x00000000d5f80000,0x00000000d5f80000)
  from space 512K, 50% used [0x00000000d6200000,0x00000000d6240000,0x00000000d6280000)
  to   space 512K, 0% used [0x00000000d6180000,0x00000000d6180000,0x00000000d6200000)
 ParOldGen       total 110592K, used 110182K [0x0000000080000000, 0x0000000086c00000, 0x00000000d5580000)
  object space 110592K, 99% used [0x0000000080000000,0x0000000086b999b8,0x0000000086c00000)
 Metaspace       used 77965K, committed 79488K, reserved 1179648K
  class space    used 8262K, committed 8896K, reserved 1048576K
}
Event: 497.839 GC heap after
{Heap after GC invocations=130 (full 3):
 PSYoungGen      total 10752K, used 288K [0x00000000d5580000, 0x00000000d6280000, 0x0000000100000000)
  eden space 10240K, 0% used [0x00000000d5580000,0x00000000d5580000,0x00000000d5f80000)
  from space 512K, 56% used [0x00000000d6180000,0x00000000d61c8000,0x00000000d6200000)
  to   space 512K, 0% used [0x00000000d6200000,0x00000000d6200000,0x00000000d6280000)
 ParOldGen       total 110592K, used 110238K [0x0000000080000000, 0x0000000086c00000, 0x00000000d5580000)
  object space 110592K, 99% used [0x0000000080000000,0x0000000086ba79b8,0x0000000086c00000)
 Metaspace       used 77965K, committed 79488K, reserved 1179648K
  class space    used 8262K, committed 8896K, reserved 1048576K
}
Event: 44383.781 GC heap before
{Heap before GC invocations=131 (full 3):
 PSYoungGen      total 10752K, used 10527K [0x00000000d5580000, 0x00000000d6280000, 0x0000000100000000)
  eden space 10240K, 99% used [0x00000000d5580000,0x00000000d5f7fc10,0x00000000d5f80000)
  from space 512K, 56% used [0x00000000d6180000,0x00000000d61c8000,0x00000000d6200000)
  to   space 512K, 0% used [0x00000000d6200000,0x00000000d6200000,0x00000000d6280000)
 ParOldGen       total 110592K, used 110238K [0x0000000080000000, 0x0000000086c00000, 0x00000000d5580000)
  object space 110592K, 99% used [0x0000000080000000,0x0000000086ba79b8,0x0000000086c00000)
 Metaspace       used 78107K, committed 79552K, reserved 1179648K
  class space    used 8263K, committed 8896K, reserved 1048576K
}
Event: 44384.073 GC heap after
{Heap after GC invocations=131 (full 3):
 PSYoungGen      total 10752K, used 336K [0x00000000d5580000, 0x00000000d6280000, 0x0000000100000000)
  eden space 10240K, 0% used [0x00000000d5580000,0x00000000d5580000,0x00000000d5f80000)
  from space 512K, 65% used [0x00000000d6200000,0x00000000d6254030,0x00000000d6280000)
  to   space 512K, 0% used [0x00000000d6180000,0x00000000d6180000,0x00000000d6200000)
 ParOldGen       total 110592K, used 110278K [0x0000000080000000, 0x0000000086c00000, 0x00000000d5580000)
  object space 110592K, 99% used [0x0000000080000000,0x0000000086bb19b8,0x0000000086c00000)
 Metaspace       used 78107K, committed 79552K, reserved 1179648K
  class space    used 8263K, committed 8896K, reserved 1048576K
}
Event: 44426.093 GC heap before
{Heap before GC invocations=132 (full 3):
 PSYoungGen      total 10752K, used 10576K [0x00000000d5580000, 0x00000000d6280000, 0x0000000100000000)
  eden space 10240K, 100% used [0x00000000d5580000,0x00000000d5f80000,0x00000000d5f80000)
  from space 512K, 65% used [0x00000000d6200000,0x00000000d6254030,0x00000000d6280000)
  to   space 512K, 0% used [0x00000000d6180000,0x00000000d6180000,0x00000000d6200000)
 ParOldGen       total 110592K, used 110278K [0x0000000080000000, 0x0000000086c00000, 0x00000000d5580000)
  object space 110592K, 99% used [0x0000000080000000,0x0000000086bb19b8,0x0000000086c00000)
 Metaspace       used 78170K, committed 79680K, reserved 1179648K
  class space    used 8263K, committed 8896K, reserved 1048576K
}
Event: 44426.157 GC heap after
{Heap after GC invocations=132 (full 3):
 PSYoungGen      total 10752K, used 320K [0x00000000d5580000, 0x00000000d6280000, 0x0000000100000000)
  eden space 10240K, 0% used [0x00000000d5580000,0x00000000d5580000,0x00000000d5f80000)
  from space 512K, 62% used [0x00000000d6180000,0x00000000d61d0020,0x00000000d6200000)
  to   space 512K, 0% used [0x00000000d6200000,0x00000000d6200000,0x00000000d6280000)
 ParOldGen       total 110592K, used 110422K [0x0000000080000000, 0x0000000086c00000, 0x00000000d5580000)
  object space 110592K, 99% used [0x0000000080000000,0x0000000086bd59e8,0x0000000086c00000)
 Metaspace       used 78170K, committed 79680K, reserved 1179648K
  class space    used 8263K, committed 8896K, reserved 1048576K
}
Event: 44433.140 GC heap before
{Heap before GC invocations=133 (full 3):
 PSYoungGen      total 10752K, used 10560K [0x00000000d5580000, 0x00000000d6280000, 0x0000000100000000)
  eden space 10240K, 100% used [0x00000000d5580000,0x00000000d5f80000,0x00000000d5f80000)
  from space 512K, 62% used [0x00000000d6180000,0x00000000d61d0020,0x00000000d6200000)
  to   space 512K, 0% used [0x00000000d6200000,0x00000000d6200000,0x00000000d6280000)
 ParOldGen       total 110592K, used 110422K [0x0000000080000000, 0x0000000086c00000, 0x00000000d5580000)
  object space 110592K, 99% used [0x0000000080000000,0x0000000086bd59e8,0x0000000086c00000)
 Metaspace       used 78187K, committed 79744K, reserved 1179648K
  class space    used 8263K, committed 8896K, reserved 1048576K
}
Event: 44433.147 GC heap after
{Heap after GC invocations=133 (full 3):
 PSYoungGen      total 10752K, used 256K [0x00000000d5580000, 0x00000000d6280000, 0x0000000100000000)
  eden space 10240K, 0% used [0x00000000d5580000,0x00000000d5580000,0x00000000d5f80000)
  from space 512K, 50% used [0x00000000d6200000,0x00000000d6240000,0x00000000d6280000)
  to   space 512K, 0% used [0x00000000d6180000,0x00000000d6180000,0x00000000d6200000)
 ParOldGen       total 110592K, used 110550K [0x0000000080000000, 0x0000000086c00000, 0x00000000d5580000)
  object space 110592K, 99% used [0x0000000080000000,0x0000000086bf5a18,0x0000000086c00000)
 Metaspace       used 78187K, committed 79744K, reserved 1179648K
  class space    used 8263K, committed 8896K, reserved 1048576K
}

Dll operation events (12 events):
Event: 0.227 Loaded shared library c:\Users\Sheetanshu\.vscode\extensions\redhat.java-1.54.0-win32-x64\jre\21.0.10-win32-x86_64\bin\java.dll
Event: 0.414 Loaded shared library c:\Users\Sheetanshu\.vscode\extensions\redhat.java-1.54.0-win32-x64\jre\21.0.10-win32-x86_64\bin\zip.dll
Event: 0.446 Loaded shared library C:\Users\Sheetanshu\.vscode\extensions\redhat.java-1.54.0-win32-x64\jre\21.0.10-win32-x86_64\bin\instrument.dll
Event: 0.522 Loaded shared library C:\Users\Sheetanshu\.vscode\extensions\redhat.java-1.54.0-win32-x64\jre\21.0.10-win32-x86_64\bin\net.dll
Event: 0.573 Loaded shared library C:\Users\Sheetanshu\.vscode\extensions\redhat.java-1.54.0-win32-x64\jre\21.0.10-win32-x86_64\bin\nio.dll
Event: 0.577 Loaded shared library C:\Users\Sheetanshu\.vscode\extensions\redhat.java-1.54.0-win32-x64\jre\21.0.10-win32-x86_64\bin\zip.dll
Event: 0.601 Loaded shared library C:\Users\Sheetanshu\.vscode\extensions\redhat.java-1.54.0-win32-x64\jre\21.0.10-win32-x86_64\bin\jimage.dll
Event: 0.710 Loaded shared library c:\Users\Sheetanshu\.vscode\extensions\redhat.java-1.54.0-win32-x64\jre\21.0.10-win32-x86_64\bin\verify.dll
Event: 2.671 Loaded shared library C:\Users\Sheetanshu\AppData\Roaming\Code\User\globalStorage\redhat.java\1.54.0\config_win\org.eclipse.equinox.launcher\org.eclipse.equinox.launcher.win32.win32.x86_64_1.3.0.v20260203-2149\eclipse_11919.dll
Event: 6.445 Loaded shared library C:\Users\Sheetanshu\AppData\Local\Temp\jna-365275028\jna14357417072041310990.dll
Event: 14.523 Loaded shared library C:\Users\Sheetanshu\.vscode\extensions\redhat.java-1.54.0-win32-x64\jre\21.0.10-win32-x86_64\bin\extnet.dll
Event: 14.903 Loaded shared library C:\Users\Sheetanshu\.vscode\extensions\redhat.java-1.54.0-win32-x64\jre\21.0.10-win32-x86_64\bin\sunmscapi.dll

Deoptimization events (20 events):
Event: 44421.045 Thread 0x0000019c51da5e60 Uncommon trap: trap_request=0xffffff6e fr.pc=0x0000019c085a942c relative=0x00000000000006cc
Event: 44421.045 Thread 0x0000019c51da5e60 Uncommon trap: reason=loop_limit_check action=maybe_recompile pc=0x0000019c085a942c method=org.codehaus.plexus.util.SelectorUtils.matchAntPathPattern([[C[[CZ)Z @ 231 c2
Event: 44421.045 Thread 0x0000019c51da5e60 DEOPT PACKING pc=0x0000019c085a942c sp=0x0000007e597fd580
Event: 44421.047 Thread 0x0000019c51da5e60 DEOPT UNPACKING pc=0x0000019c07583aa2 sp=0x0000007e597fd4d0 mode 2
Event: 44718.339 Thread 0x0000019c51da5e60 Uncommon trap: trap_request=0xffffffbe fr.pc=0x0000019c085a28bc relative=0x0000000000000a5c
Event: 44718.340 Thread 0x0000019c51da5e60 Uncommon trap: reason=profile_predicate action=maybe_recompile pc=0x0000019c085a28bc method=org.eclipse.jdt.internal.compiler.util.HashtableOfObjectToInt.get(Ljava/lang/Object;)I @ 54 c2
Event: 44718.340 Thread 0x0000019c51da5e60 DEOPT PACKING pc=0x0000019c085a28bc sp=0x0000007e597fe930
Event: 44718.342 Thread 0x0000019c51da5e60 DEOPT UNPACKING pc=0x0000019c07583aa2 sp=0x0000007e597fe8d8 mode 2
Event: 44718.342 Thread 0x0000019c51da5e60 Uncommon trap: trap_request=0xffffffbe fr.pc=0x0000019c085a28bc relative=0x0000000000000a5c
Event: 44718.342 Thread 0x0000019c51da5e60 Uncommon trap: reason=profile_predicate action=maybe_recompile pc=0x0000019c085a28bc method=org.eclipse.jdt.internal.compiler.util.HashtableOfObjectToInt.get(Ljava/lang/Object;)I @ 54 c2
Event: 44718.342 Thread 0x0000019c51da5e60 DEOPT PACKING pc=0x0000019c085a28bc sp=0x0000007e597fe930
Event: 44718.342 Thread 0x0000019c51da5e60 DEOPT UNPACKING pc=0x0000019c07583aa2 sp=0x0000007e597fe8d8 mode 2
Event: 44718.342 Thread 0x0000019c51da5e60 Uncommon trap: trap_request=0xffffffbe fr.pc=0x0000019c085a28bc relative=0x0000000000000a5c
Event: 44718.342 Thread 0x0000019c51da5e60 Uncommon trap: reason=profile_predicate action=maybe_recompile pc=0x0000019c085a28bc method=org.eclipse.jdt.internal.compiler.util.HashtableOfObjectToInt.get(Ljava/lang/Object;)I @ 54 c2
Event: 44718.342 Thread 0x0000019c51da5e60 DEOPT PACKING pc=0x0000019c085a28bc sp=0x0000007e597fe930
Event: 44718.342 Thread 0x0000019c51da5e60 DEOPT UNPACKING pc=0x0000019c07583aa2 sp=0x0000007e597fe8d8 mode 2
Event: 44718.342 Thread 0x0000019c51da5e60 Uncommon trap: trap_request=0xffffffbe fr.pc=0x0000019c085a28bc relative=0x0000000000000a5c
Event: 44718.342 Thread 0x0000019c51da5e60 Uncommon trap: reason=profile_predicate action=maybe_recompile pc=0x0000019c085a28bc method=org.eclipse.jdt.internal.compiler.util.HashtableOfObjectToInt.get(Ljava/lang/Object;)I @ 54 c2
Event: 44718.342 Thread 0x0000019c51da5e60 DEOPT PACKING pc=0x0000019c085a28bc sp=0x0000007e597fe930
Event: 44718.343 Thread 0x0000019c51da5e60 DEOPT UNPACKING pc=0x0000019c07583aa2 sp=0x0000007e597fe8d8 mode 2

Classes loaded (20 events):
Event: 154.083 Loading class com/sun/org/apache/xerces/internal/xni/XNIException
Event: 154.083 Loading class com/sun/org/apache/xerces/internal/xni/XNIException done
Event: 154.083 Loading class com/sun/org/apache/xerces/internal/xni/parser/XMLParseException
Event: 154.083 Loading class com/sun/org/apache/xerces/internal/xni/parser/XMLParseException done
Event: 369.447 Loading class java/util/stream/Nodes$CollectorTask$OfRef
Event: 369.448 Loading class java/util/stream/Nodes$CollectorTask
Event: 369.448 Loading class java/util/stream/Nodes$CollectorTask done
Event: 369.448 Loading class java/util/stream/Nodes$CollectorTask$OfRef done
Event: 369.450 Loading class java/util/function/LongFunction
Event: 369.450 Loading class java/util/function/LongFunction done
Event: 369.450 Loading class java/util/stream/Nodes$ConcNode
Event: 369.450 Loading class java/util/stream/Nodes$AbstractConcNode
Event: 369.450 Loading class java/util/stream/Nodes$AbstractConcNode done
Event: 369.450 Loading class java/util/stream/Nodes$ConcNode done
Event: 369.461 Loading class java/io/ObjectOutputStream$BlockDataOutputStream
Event: 369.461 Loading class java/io/ObjectOutputStream$BlockDataOutputStream done
Event: 369.461 Loading class java/io/ObjectOutputStream$HandleTable
Event: 369.462 Loading class java/io/ObjectOutputStream$HandleTable done
Event: 369.462 Loading class java/io/ObjectOutputStream$ReplaceTable
Event: 369.462 Loading class java/io/ObjectOutputStream$ReplaceTable done

Classes unloaded (7 events):
Event: 7.185 Thread 0x0000019c6f053650 Unloading class 0x0000019c101a3800 'java/lang/invoke/LambdaForm$MH+0x0000019c101a3800'
Event: 7.185 Thread 0x0000019c6f053650 Unloading class 0x0000019c101a3400 'java/lang/invoke/LambdaForm$MH+0x0000019c101a3400'
Event: 7.185 Thread 0x0000019c6f053650 Unloading class 0x0000019c101a3000 'java/lang/invoke/LambdaForm$MH+0x0000019c101a3000'
Event: 7.185 Thread 0x0000019c6f053650 Unloading class 0x0000019c101a2c00 'java/lang/invoke/LambdaForm$MH+0x0000019c101a2c00'
Event: 7.185 Thread 0x0000019c6f053650 Unloading class 0x0000019c101a2800 'java/lang/invoke/LambdaForm$BMH+0x0000019c101a2800'
Event: 7.185 Thread 0x0000019c6f053650 Unloading class 0x0000019c101a2400 'java/lang/invoke/LambdaForm$DMH+0x0000019c101a2400'
Event: 7.185 Thread 0x0000019c6f053650 Unloading class 0x0000019c101a1000 'java/lang/invoke/LambdaForm$DMH+0x0000019c101a1000'

Classes redefined (0 events):
No events

Internal exceptions (20 events):
Event: 73.933 Thread 0x0000019c78ce7be0 Exception <a 'java/io/FileNotFoundException'{0x00000000d589ce90}> (0x00000000d589ce90) 
thrown [s\src\hotspot\share\prims\jni.cpp, line 520]
Event: 73.933 Thread 0x0000019c78ce7be0 Exception <a 'java/io/FileNotFoundException'{0x00000000d589e108}> (0x00000000d589e108) 
thrown [s\src\hotspot\share\prims\jni.cpp, line 520]
Event: 73.954 Thread 0x0000019c78ce7be0 Implicit null exception at 0x0000019c08254c95 to 0x0000019c08256558
Event: 74.163 Thread 0x0000019c78ce7be0 Implicit null exception at 0x0000019c07d8b588 to 0x0000019c07d8c458
Event: 74.381 Thread 0x0000019c78ce61a0 Exception <a 'java/lang/NoSuchMethodError'{0x00000000d55d0128}: 'int java.lang.invoke.DirectMethodHandle$Holder.invokeSpecial(java.lang.Object, java.lang.Object, java.lang.Object, java.lang.Object, java.lang.Object, java.lang.Object)'> (0x00000000d55d0128) 
thrown [s\src\hotspot\share\interpreter\linkResolver.cpp, line 773]
Event: 75.431 Thread 0x0000019c78ce61a0 Implicit null exception at 0x0000019c08415d03 to 0x0000019c08416018
Event: 154.072 Thread 0x0000019c7e6d3b70 Exception <a 'java/lang/NoSuchMethodError'{0x00000000d5f48a78}: 'java.lang.Object java.lang.invoke.DirectMethodHandle$Holder.invokeStatic(java.lang.Object, java.lang.Object, int, java.lang.Object)'> (0x00000000d5f48a78) 
thrown [s\src\hotspot\share\interpreter\linkResolver.cpp, line 773]
Event: 369.458 Thread 0x0000019c51da7f30 Exception <a 'sun/nio/fs/WindowsException'{0x00000000d5d31b90}> (0x00000000d5d31b90) 
thrown [s\src\hotspot\share\prims\jni.cpp, line 520]
Event: 369.458 Thread 0x0000019c51da7f30 Exception <a 'sun/nio/fs/WindowsException'{0x00000000d5d326c8}> (0x00000000d5d326c8) 
thrown [s\src\hotspot\share\prims\jni.cpp, line 520]
Event: 369.458 Thread 0x0000019c51da7f30 Implicit null exception at 0x0000019c08174a09 to 0x0000019c08174cc0
Event: 369.478 Thread 0x0000019c51da7f30 Exception <a 'java/lang/NoSuchMethodError'{0x00000000d5dcd1c8}: static [J.<clinit>()V> (0x00000000d5dcd1c8) 
thrown [s\src\hotspot\share\prims\jni.cpp, line 1111]
Event: 369.484 Thread 0x0000019c51da7f30 Exception <a 'java/lang/NoSuchMethodError'{0x00000000d5dfbc40}: 'java.lang.Object java.lang.invoke.DirectMethodHandle$Holder.newInvokeSpecial(java.lang.Object, java.lang.Object, java.lang.Object, java.lang.Object, java.lang.Object, java.lang.Object, java.lang.Object, java.lang.Object)'> (0x00000000d5dfbc40) 
thrown [s\src\hotspot\share\interpreter\linkResolver.cpp, line 773]
Event: 681.046 Thread 0x0000019c78ce7550 Exception <a 'sun/nio/fs/WindowsException'{0x00000000d567ef38}> (0x00000000d567ef38) 
thrown [s\src\hotspot\share\prims\jni.cpp, line 520]
Event: 681.046 Thread 0x0000019c78ce7550 Exception <a 'sun/nio/fs/WindowsException'{0x00000000d567fa70}> (0x00000000d567fa70) 
thrown [s\src\hotspot\share\prims\jni.cpp, line 520]
Event: 36612.569 Thread 0x0000019c51da7f30 Exception <a 'sun/nio/fs/WindowsException'{0x00000000d5b21738}> (0x00000000d5b21738) 
thrown [s\src\hotspot\share\prims\jni.cpp, line 520]
Event: 36612.571 Thread 0x0000019c51da7f30 Exception <a 'sun/nio/fs/WindowsException'{0x00000000d5b22270}> (0x00000000d5b22270) 
thrown [s\src\hotspot\share\prims\jni.cpp, line 520]
Event: 44384.313 Thread 0x0000019c51da64f0 Exception <a 'sun/nio/fs/WindowsException'{0x00000000d559e9c8}> (0x00000000d559e9c8) 
thrown [s\src\hotspot\share\prims\jni.cpp, line 520]
Event: 44384.322 Thread 0x0000019c51da64f0 Exception <a 'sun/nio/fs/WindowsException'{0x00000000d559f500}> (0x00000000d559f500) 
thrown [s\src\hotspot\share\prims\jni.cpp, line 520]
Event: 44718.373 Thread 0x0000019c51da5e60 Exception <a 'sun/nio/fs/WindowsException'{0x00000000d59582e8}> (0x00000000d59582e8) 
thrown [s\src\hotspot\share\prims\jni.cpp, line 520]
Event: 44718.379 Thread 0x0000019c51da5e60 Exception <a 'sun/nio/fs/WindowsException'{0x00000000d5958e20}> (0x00000000d5958e20) 
thrown [s\src\hotspot\share\prims\jni.cpp, line 520]

ZGC Phase Switch (0 events):
No events

VM Operations (20 events):
Event: 51321.887 Executing non-safepoint VM operation: HandshakeAllThreads (HandshakeForDeflation)
Event: 51321.896 Executing non-safepoint VM operation: HandshakeAllThreads (HandshakeForDeflation) done
Event: 51321.896 Executing non-safepoint VM operation: RendezvousGCThreads
Event: 51321.896 Executing non-safepoint VM operation: RendezvousGCThreads done
Event: 51381.989 Executing non-safepoint VM operation: HandshakeAllThreads (HandshakeForDeflation)
Event: 51382.001 Executing non-safepoint VM operation: HandshakeAllThreads (HandshakeForDeflation) done
Event: 51382.001 Executing non-safepoint VM operation: RendezvousGCThreads
Event: 51382.001 Executing non-safepoint VM operation: RendezvousGCThreads done
Event: 51442.027 Executing non-safepoint VM operation: HandshakeAllThreads (HandshakeForDeflation)
Event: 51442.027 Executing non-safepoint VM operation: HandshakeAllThreads (HandshakeForDeflation) done
Event: 51442.027 Executing non-safepoint VM operation: RendezvousGCThreads
Event: 51442.027 Executing non-safepoint VM operation: RendezvousGCThreads done
Event: 51502.242 Executing non-safepoint VM operation: HandshakeAllThreads (HandshakeForDeflation)
Event: 51502.244 Executing non-safepoint VM operation: HandshakeAllThreads (HandshakeForDeflation) done
Event: 51502.245 Executing non-safepoint VM operation: RendezvousGCThreads
Event: 51502.245 Executing non-safepoint VM operation: RendezvousGCThreads done
Event: 51562.482 Executing non-safepoint VM operation: HandshakeAllThreads (HandshakeForDeflation)
Event: 51562.486 Executing non-safepoint VM operation: HandshakeAllThreads (HandshakeForDeflation) done
Event: 51562.486 Executing non-safepoint VM operation: RendezvousGCThreads
Event: 51562.486 Executing non-safepoint VM operation: RendezvousGCThreads done

Memory protections (0 events):
No events

Nmethod flushes (20 events):
Event: 13.687 Thread 0x0000019c6f053650 flushing  nmethod 0x0000019c007e1c90
Event: 13.687 Thread 0x0000019c6f053650 flushing  nmethod 0x0000019c007e7d10
Event: 13.687 Thread 0x0000019c6f053650 flushing  nmethod 0x0000019c007ee790
Event: 13.687 Thread 0x0000019c6f053650 flushing  nmethod 0x0000019c007f0390
Event: 13.687 Thread 0x0000019c6f053650 flushing  nmethod 0x0000019c00811d90
Event: 13.687 Thread 0x0000019c6f053650 flushing  nmethod 0x0000019c0081c790
Event: 13.687 Thread 0x0000019c6f053650 flushing osr nmethod 0x0000019c00875910
Event: 13.687 Thread 0x0000019c6f053650 flushing  nmethod 0x0000019c00888810
Event: 13.687 Thread 0x0000019c6f053650 flushing  nmethod 0x0000019c0089b610
Event: 13.687 Thread 0x0000019c6f053650 flushing  nmethod 0x0000019c008bbd90
Event: 13.687 Thread 0x0000019c6f053650 flushing  nmethod 0x0000019c008bfc10
Event: 13.687 Thread 0x0000019c6f053650 flushing  nmethod 0x0000019c008c1210
Event: 13.687 Thread 0x0000019c6f053650 flushing  nmethod 0x0000019c008d9f90
Event: 13.687 Thread 0x0000019c6f053650 flushing  nmethod 0x0000019c008da590
Event: 13.687 Thread 0x0000019c6f053650 flushing  nmethod 0x0000019c008dae10
Event: 13.687 Thread 0x0000019c6f053650 flushing  nmethod 0x0000019c008db510
Event: 13.687 Thread 0x0000019c6f053650 flushing  nmethod 0x0000019c008ddc10
Event: 13.687 Thread 0x0000019c6f053650 flushing  nmethod 0x0000019c008ee810
Event: 13.687 Thread 0x0000019c6f053650 flushing  nmethod 0x0000019c008f8b90
Event: 13.687 Thread 0x0000019c6f053650 flushing  nmethod 0x0000019c008fd290

Events (20 events):
Event: 681.063 Thread 0x0000019c6f0827a0 Thread added: 0x0000019c50f8f1f0
Event: 686.084 Thread 0x0000019c50f8f1f0 Thread exited: 0x0000019c50f8f1f0
Event: 36612.539 Thread 0x0000019c51da7f30 Thread added: 0x0000019c51da92e0
Event: 36612.547 Thread 0x0000019c51da92e0 Thread exited: 0x0000019c51da92e0
Event: 36612.578 Thread 0x0000019c51da7f30 Thread added: 0x0000019c51da5e60
Event: 36612.580 Thread 0x0000019c51da5e60 Thread exited: 0x0000019c51da5e60
Event: 36613.010 Thread 0x0000019c51da7f30 Thread added: 0x0000019c51da64f0
Event: 36613.383 Thread 0x0000019c6f081560 Thread added: 0x0000019c50f8f1f0
Event: 36618.389 Thread 0x0000019c50f8f1f0 Thread exited: 0x0000019c50f8f1f0
Event: 36673.167 Thread 0x0000019c78ce7550 Thread exited: 0x0000019c78ce7550
Event: 44083.623 Thread 0x0000019c51da7f30 Thread added: 0x0000019c51da5e60
Event: 44143.646 Thread 0x0000019c51da7f30 Thread exited: 0x0000019c51da7f30
Event: 44384.168 Thread 0x0000019c51da64f0 Thread added: 0x0000019c51daba40
Event: 44384.198 Thread 0x0000019c51daba40 Thread exited: 0x0000019c51daba40
Event: 44384.340 Thread 0x0000019c51da64f0 Thread added: 0x0000019c51da9970
Event: 44384.345 Thread 0x0000019c51da9970 Thread exited: 0x0000019c51da9970
Event: 44718.310 Thread 0x0000019c51da5e60 Thread added: 0x0000019c51da4ab0
Event: 44718.321 Thread 0x0000019c51da4ab0 Thread exited: 0x0000019c51da4ab0
Event: 44718.391 Thread 0x0000019c51da5e60 Thread added: 0x0000019c51da8c50
Event: 44718.392 Thread 0x0000019c51da8c50 Thread exited: 0x0000019c51da8c50


Dynamic libraries:
0x00007ff7add80000 - 0x00007ff7add8e000 	c:\Users\Sheetanshu\.vscode\extensions\redhat.java-1.54.0-win32-x64\jre\21.0.10-win32-x86_64\bin\java.exe
0x00007ff87ff70000 - 0x00007ff880168000 	C:\Windows\SYSTEM32\ntdll.dll
0x00007ff87f3f0000 - 0x00007ff87f4b2000 	C:\Windows\System32\KERNEL32.DLL
0x00007ff87db70000 - 0x00007ff87de66000 	C:\Windows\System32\KERNELBASE.dll
0x00007ff87d600000 - 0x00007ff87d700000 	C:\Windows\System32\ucrtbase.dll
0x00007ff85c720000 - 0x00007ff85c738000 	c:\Users\Sheetanshu\.vscode\extensions\redhat.java-1.54.0-win32-x64\jre\21.0.10-win32-x86_64\bin\jli.dll
0x00007ff87f7d0000 - 0x00007ff87f971000 	C:\Windows\System32\USER32.dll
0x00007ff87d730000 - 0x00007ff87d752000 	C:\Windows\System32\win32u.dll
0x00007ff87e950000 - 0x00007ff87e97b000 	C:\Windows\System32\GDI32.dll
0x00007ff87de70000 - 0x00007ff87df89000 	C:\Windows\System32\gdi32full.dll
0x00007ff87d9f0000 - 0x00007ff87da8d000 	C:\Windows\System32\msvcp_win.dll
0x00007ff867cf0000 - 0x00007ff867d0e000 	c:\Users\Sheetanshu\.vscode\extensions\redhat.java-1.54.0-win32-x64\jre\21.0.10-win32-x86_64\bin\VCRUNTIME140.dll
0x00007ff862460000 - 0x00007ff8626fb000 	C:\Windows\WinSxS\amd64_microsoft.windows.common-controls_6595b64144ccf1df_6.0.19041.6456_none_60b8a6cb71f64256\COMCTL32.dll
0x00007ff87f720000 - 0x00007ff87f7be000 	C:\Windows\System32\msvcrt.dll
0x00007ff87f3c0000 - 0x00007ff87f3ef000 	C:\Windows\System32\IMM32.DLL
0x00007ff869840000 - 0x00007ff86984c000 	c:\Users\Sheetanshu\.vscode\extensions\redhat.java-1.54.0-win32-x64\jre\21.0.10-win32-x86_64\bin\vcruntime140_1.dll
0x00007ff8392a0000 - 0x00007ff83932d000 	c:\Users\Sheetanshu\.vscode\extensions\redhat.java-1.54.0-win32-x64\jre\21.0.10-win32-x86_64\bin\msvcp140.dll
0x00007ffffac90000 - 0x00007ffffba31000 	c:\Users\Sheetanshu\.vscode\extensions\redhat.java-1.54.0-win32-x64\jre\21.0.10-win32-x86_64\bin\server\jvm.dll
0x00007ff87f980000 - 0x00007ff87fa31000 	C:\Windows\System32\ADVAPI32.dll
0x00007ff87e680000 - 0x00007ff87e71f000 	C:\Windows\System32\sechost.dll
0x00007ff87f4d0000 - 0x00007ff87f5f0000 	C:\Windows\System32\RPCRT4.dll
0x00007ff87d700000 - 0x00007ff87d727000 	C:\Windows\System32\bcrypt.dll
0x00007ff87f350000 - 0x00007ff87f3bb000 	C:\Windows\System32\WS2_32.dll
0x00007ff87d4e0000 - 0x00007ff87d52b000 	C:\Windows\SYSTEM32\POWRPROF.dll
0x00007ff870ec0000 - 0x00007ff870ee7000 	C:\Windows\SYSTEM32\WINMM.dll
0x00007ff874f30000 - 0x00007ff874f3a000 	C:\Windows\SYSTEM32\VERSION.dll
0x00007ff87d4c0000 - 0x00007ff87d4d2000 	C:\Windows\SYSTEM32\UMPDC.dll
0x00007ff87b470000 - 0x00007ff87b482000 	C:\Windows\SYSTEM32\kernel.appcore.dll
0x00007ff869770000 - 0x00007ff86977a000 	c:\Users\Sheetanshu\.vscode\extensions\redhat.java-1.54.0-win32-x64\jre\21.0.10-win32-x86_64\bin\jimage.dll
0x00007ff874090000 - 0x00007ff874291000 	C:\Windows\SYSTEM32\DBGHELP.DLL
0x00007ff873be0000 - 0x00007ff873c14000 	C:\Windows\SYSTEM32\dbgcore.DLL
0x00007ff87dae0000 - 0x00007ff87db62000 	C:\Windows\System32\bcryptPrimitives.dll
0x00007ff8691e0000 - 0x00007ff8691ef000 	c:\Users\Sheetanshu\.vscode\extensions\redhat.java-1.54.0-win32-x64\jre\21.0.10-win32-x86_64\bin\instrument.dll
0x00007ff853b70000 - 0x00007ff853b90000 	c:\Users\Sheetanshu\.vscode\extensions\redhat.java-1.54.0-win32-x64\jre\21.0.10-win32-x86_64\bin\java.dll
0x00007ff87eb30000 - 0x00007ff87f2a0000 	C:\Windows\System32\SHELL32.dll
0x00007ff87b670000 - 0x00007ff87be15000 	C:\Windows\SYSTEM32\windows.storage.dll
0x00007ff87fbd0000 - 0x00007ff87ff24000 	C:\Windows\System32\combase.dll
0x00007ff87cf50000 - 0x00007ff87cf7b000 	C:\Windows\SYSTEM32\Wldp.dll
0x00007ff87fb00000 - 0x00007ff87fbcd000 	C:\Windows\System32\OLEAUT32.dll
0x00007ff87e020000 - 0x00007ff87e0cd000 	C:\Windows\System32\SHCORE.dll
0x00007ff87faa0000 - 0x00007ff87fafb000 	C:\Windows\System32\shlwapi.dll
0x00007ff87d530000 - 0x00007ff87d554000 	C:\Windows\SYSTEM32\profapi.dll
0x00007ff851120000 - 0x00007ff851138000 	c:\Users\Sheetanshu\.vscode\extensions\redhat.java-1.54.0-win32-x64\jre\21.0.10-win32-x86_64\bin\zip.dll
0x00007ff868f90000 - 0x00007ff868fa0000 	C:\Users\Sheetanshu\.vscode\extensions\redhat.java-1.54.0-win32-x64\jre\21.0.10-win32-x86_64\bin\net.dll
0x00007ff874d30000 - 0x00007ff874e3a000 	C:\Windows\SYSTEM32\WINHTTP.dll
0x00007ff87ccb0000 - 0x00007ff87cd1a000 	C:\Windows\system32\mswsock.dll
0x00007ff84d680000 - 0x00007ff84d696000 	C:\Users\Sheetanshu\.vscode\extensions\redhat.java-1.54.0-win32-x64\jre\21.0.10-win32-x86_64\bin\nio.dll
0x00007ff868d60000 - 0x00007ff868d70000 	c:\Users\Sheetanshu\.vscode\extensions\redhat.java-1.54.0-win32-x64\jre\21.0.10-win32-x86_64\bin\verify.dll
0x00007ff8397c0000 - 0x00007ff839805000 	C:\Users\Sheetanshu\AppData\Roaming\Code\User\globalStorage\redhat.java\1.54.0\config_win\org.eclipse.equinox.launcher\org.eclipse.equinox.launcher.win32.win32.x86_64_1.3.0.v20260203-2149\eclipse_11919.dll
0x00007ff87f5f0000 - 0x00007ff87f71b000 	C:\Windows\System32\ole32.dll
0x00007ff87ceb0000 - 0x00007ff87cec8000 	C:\Windows\SYSTEM32\CRYPTSP.dll
0x00007ff87c5d0000 - 0x00007ff87c608000 	C:\Windows\system32\rsaenh.dll
0x00007ff87d480000 - 0x00007ff87d4ae000 	C:\Windows\SYSTEM32\USERENV.dll
0x00007ff87cea0000 - 0x00007ff87ceac000 	C:\Windows\SYSTEM32\CRYPTBASE.dll
0x00007ff87c990000 - 0x00007ff87c9cb000 	C:\Windows\SYSTEM32\IPHLPAPI.DLL
0x00007ff87f4c0000 - 0x00007ff87f4c8000 	C:\Windows\System32\NSI.dll
0x00007ff837e90000 - 0x00007ff837ed9000 	C:\Users\Sheetanshu\AppData\Local\Temp\jna-365275028\jna14357417072041310990.dll
0x00007ff87f7c0000 - 0x00007ff87f7c8000 	C:\Windows\System32\PSAPI.DLL
0x00007ff875370000 - 0x00007ff875387000 	C:\Windows\SYSTEM32\dhcpcsvc6.DLL
0x00007ff8755f0000 - 0x00007ff87560d000 	C:\Windows\SYSTEM32\dhcpcsvc.DLL
0x00007ff87c9d0000 - 0x00007ff87ca9a000 	C:\Windows\SYSTEM32\DNSAPI.dll
0x00007ff875a40000 - 0x00007ff875a4a000 	C:\Windows\System32\rasadhlp.dll
0x00007ff86fce0000 - 0x00007ff86fd60000 	C:\Windows\System32\fwpuclnt.dll
0x00007ff868d40000 - 0x00007ff868d49000 	C:\Users\Sheetanshu\.vscode\extensions\redhat.java-1.54.0-win32-x64\jre\21.0.10-win32-x86_64\bin\extnet.dll
0x00007ff8682d0000 - 0x00007ff8682de000 	C:\Users\Sheetanshu\.vscode\extensions\redhat.java-1.54.0-win32-x64\jre\21.0.10-win32-x86_64\bin\sunmscapi.dll
0x00007ff87d890000 - 0x00007ff87d9ed000 	C:\Windows\System32\CRYPT32.dll
0x00007ff87cfc0000 - 0x00007ff87cfe7000 	C:\Windows\SYSTEM32\ncrypt.dll
0x00007ff87cf80000 - 0x00007ff87cfbb000 	C:\Windows\SYSTEM32\NTASN1.dll

JVMTI agents:
c:\Users\Sheetanshu\.vscode\extensions\redhat.java-1.54.0-win32-x64\lombok\lombok-1.18.39-4050.jar path:c:\Users\Sheetanshu\.vscode\extensions\redhat.java-1.54.0-win32-x64\jre\21.0.10-win32-x86_64\bin\instrument.dll, loaded, initialized, instrumentlib options:none

dbghelp: loaded successfully - version: 4.0.5 - missing functions: none
symbol engine: initialized successfully - sym options: 0x614 - pdb path: .;c:\Users\Sheetanshu\.vscode\extensions\redhat.java-1.54.0-win32-x64\jre\21.0.10-win32-x86_64\bin;C:\Windows\SYSTEM32;C:\Windows\WinSxS\amd64_microsoft.windows.common-controls_6595b64144ccf1df_6.0.19041.6456_none_60b8a6cb71f64256;c:\Users\Sheetanshu\.vscode\extensions\redhat.java-1.54.0-win32-x64\jre\21.0.10-win32-x86_64\bin\server;C:\Users\Sheetanshu\AppData\Roaming\Code\User\globalStorage\redhat.java\1.54.0\config_win\org.eclipse.equinox.launcher\org.eclipse.equinox.launcher.win32.win32.x86_64_1.3.0.v20260203-2149;C:\Users\Sheetanshu\AppData\Local\Temp\jna-365275028

VM Arguments:
jvm_args: --add-modules=ALL-SYSTEM --add-opens=java.base/java.util=ALL-UNNAMED --add-opens=java.base/java.lang=ALL-UNNAMED --add-opens=java.base/sun.nio.fs=ALL-UNNAMED -Declipse.application=org.eclipse.jdt.ls.core.id1 -Dosgi.bundles.defaultStartLevel=4 -Declipse.product=org.eclipse.jdt.ls.core.product -Djava.import.generatesMetadataFilesAtProjectRoot=false -DDetectVMInstallationsJob.disabled=true -Dfile.encoding=utf8 -XX:+UseParallelGC -XX:GCTimeRatio=4 -XX:AdaptiveSizePolicyWeight=90 -Dsun.zip.disableMemoryMapping=true -Xmx2G -Xms100m -Xlog:disable -javaagent:c:\Users\Sheetanshu\.vscode\extensions\redhat.java-1.54.0-win32-x64\lombok\lombok-1.18.39-4050.jar -XX:+HeapDumpOnOutOfMemoryError -XX:HeapDumpPath=c:\Users\Sheetanshu\AppData\Roaming\Code\User\workspaceStorage\f8d9d8527e7d722af8c5f195b6951b93\redhat.java -Daether.dependencyCollector.impl=bf 
java_command: c:\Users\Sheetanshu\.vscode\extensions\redhat.java-1.54.0-win32-x64\server\plugins\org.eclipse.equinox.launcher_1.7.100.v20251111-0406.jar -configuration c:\Users\Sheetanshu\AppData\Roaming\Code\User\globalStorage\redhat.java\1.54.0\config_win -data c:\Users\Sheetanshu\AppData\Roaming\Code\User\workspaceStorage\f8d9d8527e7d722af8c5f195b6951b93\redhat.java\jdt_ws --pipe=\\.\pipe\lsp-5d2c6343b63e7179bb76f0e70cf211bb-sock
java_class_path (initial): c:\Users\Sheetanshu\.vscode\extensions\redhat.java-1.54.0-win32-x64\server\plugins\org.eclipse.equinox.launcher_1.7.100.v20251111-0406.jar
Launcher Type: SUN_STANDARD

[Global flags]
    uintx AdaptiveSizePolicyWeight                 = 90                                        {product} {command line}
     intx CICompilerCount                          = 4                                         {product} {ergonomic}
    uintx GCTimeRatio                              = 4                                         {product} {command line}
     bool HeapDumpOnOutOfMemoryError               = true                                   {manageable} {command line}
    ccstr HeapDumpPath                             = c:\Users\Sheetanshu\AppData\Roaming\Code\User\workspaceStorage\f8d9d8527e7d722af8c5f195b6951b93\redhat.java         {manageable} {command line}
   size_t InitialHeapSize                          = 104857600                                 {product} {command line}
   size_t MaxHeapSize                              = 2147483648                                {product} {command line}
   size_t MaxNewSize                               = 715653120                                 {product} {ergonomic}
   size_t MinHeapDeltaBytes                        = 524288                                    {product} {ergonomic}
   size_t MinHeapSize                              = 104857600                                 {product} {command line}
   size_t NewSize                                  = 34603008                                  {product} {ergonomic}
    uintx NonNMethodCodeHeapSize                   = 5839372                                {pd product} {ergonomic}
    uintx NonProfiledCodeHeapSize                  = 122909434                              {pd product} {ergonomic}
   size_t OldSize                                  = 70254592                                  {product} {ergonomic}
    uintx ProfiledCodeHeapSize                     = 122909434                              {pd product} {ergonomic}
    uintx ReservedCodeCacheSize                    = 251658240                              {pd product} {ergonomic}
     bool SegmentedCodeCache                       = true                                      {product} {ergonomic}
   size_t SoftMaxHeapSize                          = 2147483648                             {manageable} {ergonomic}
     bool UseCompressedOops                        = true                           {product lp64_product} {ergonomic}
     bool UseLargePagesIndividualAllocation        = false                                  {pd product} {ergonomic}
     bool UseParallelGC                            = true                                      {product} {command line}

Logging:
Log output configuration:
 #0: stdout all=off uptime,level,tags foldmultilines=false
 #1: stderr all=off uptime,level,tags foldmultilines=false

Release file:
JAVA_VERSION="21.0.10" 
MODULES="java.base java.compiler java.datatransfer java.xml java.prefs java.desktop java.instrument java.logging java.management java.security.sasl java.naming java.rmi java.management.rmi java.net.http java.scripting java.security.jgss java.transaction.xa java.sql java.sql.rowset java.xml.crypto java.se java.smartcardio jdk.accessibility jdk.internal.jvmstat jdk.attach jdk.charsets jdk.internal.opt jdk.zipfs jdk.compiler jdk.crypto.ec jdk.crypto.cryptoki jdk.crypto.mscapi jdk.dynalink jdk.internal.ed jdk.editpad jdk.hotspot.agent jdk.httpserver jdk.internal.le jdk.internal.vm.ci jdk.internal.vm.compiler jdk.internal.vm.compiler.management jdk.jartool jdk.javadoc jdk.jcmd jdk.management jdk.management.agent jdk.jconsole jdk.jdeps jdk.jdwp.agent jdk.jdi jdk.jfr jdk.jshell jdk.jsobject jdk.jstatd jdk.localedata jdk.management.jfr jdk.naming.dns jdk.naming.rmi jdk.net jdk.nio.mapmode jdk.random jdk.sctp jdk.security.auth jdk.security.jgss jdk.unsupported jdk.unsupported.desktop jdk.xml.dom" 

Environment Variables:
PATH=C:\Users\Sheetanshu\AppData\Local\Programs\Microsoft VS Code;C:\Program Files\Common Files\Oracle\Java\javapath;C:\Windows\system32;C:\Windows;C:\Windows\System32\Wbem;C:\Windows\System32\WindowsPowerShell\v1.0\;C:\Windows\System32\OpenSSH\;C:\Program Files (x86)\NVIDIA Corporation\PhysX\Common;C:\Program Files\Java\jdk-26\bin;C:\Users\Sheetanshu\.local\bin;C:\Program Files\Git\cmd;C:\Users\Sheetanshu\.local\bin;C:\Users\Sheetanshu\AppData\Local\Microsoft\WindowsApps;C:\Users\Sheetanshu\AppData\Local\Programs\Antigravity\bin;C:\Users\Sheetanshu\AppData\Local\Programs\Microsoft VS Code\bin;C:\Users\Sheetanshu\AppData\Local\Python\bin;C:\Users\Sheetanshu\AppData\Local\GitHubDesktop\bin
USERNAME=Sheetanshu
OS=Windows_NT
PROCESSOR_IDENTIFIER=Intel64 Family 6 Model 158 Stepping 10, GenuineIntel
TMP=C:\Users\SHEETA~1\AppData\Local\Temp
TEMP=C:\Users\SHEETA~1\AppData\Local\Temp




Periodic native trim disabled

---------------  S Y S T E M  ---------------

OS:
 Windows 10 , 64 bit Build 19041 (10.0.19041.5915)
OS uptime: 33 days 17:16 hours

CPU: total 8 (initial active 8) (4 cores per cpu, 2 threads per core) family 6 model 158 stepping 10 microcode 0xb4, cx8, cmov, fxsr, ht, mmx, 3dnowpref, sse, sse2, sse3, ssse3, sse4.1, sse4.2, popcnt, lzcnt, tsc, tscinvbit, avx, avx2, aes, erms, clmul, bmi1, bmi2, adx, fma, vzeroupper, clflush, clflushopt, rdtscp, f16c
Processor Information for the first 8 processors :
  Max Mhz: 2304, Current Mhz: 2304, Mhz Limit: 2304

Memory: 4k page, system-wide physical 8032M (74M free)
TotalPageFile size 32608M (AvailPageFile size 97M)
current process WorkingSet (physical memory assigned to process): 7M, peak: 381M
current process commit charge ("private bytes"): 433M, peak: 460M

vm_info: OpenJDK 64-Bit Server VM (21.0.10+7-LTS) for windows-amd64 JRE (21.0.10+7-LTS), built on 2026-01-20T00:00:00Z by "admin" with MS VC++ 17.12 (VS2022)

END.
